\\PARADIS\ELEVES\SCHARBIT\BUREAU\RESEAU DE NEURONES\RESEAU_DE_NEURONES\RESEAU_DE_NEURONES\DEBUG\VC110.PDB
\\PARADIS\ELEVES\SCHARBIT\BUREAU\RESEAU DE NEURONES\RESEAU_DE_NEURONES\RESEAU_DE_NEURONES\DEBUG\DATAS.OBJ
\\PARADIS\ELEVES\SCHARBIT\BUREAU\RESEAU DE NEURONES\RESEAU_DE_NEURONES\RESEAU_DE_NEURONES\DEBUG\NEURON2.OBJ
\\PARADIS\ELEVES\SCHARBIT\BUREAU\RESEAU DE NEURONES\RESEAU_DE_NEURONES\RESEAU_DE_NEURONES\DEBUG\MAIN.OBJ
\\PARADIS\ELEVES\SCHARBIT\BUREAU\RESEAU DE NEURONES\RESEAU_DE_NEURONES\RESEAU_DE_NEURONES\DEBUG\NETWORK.OBJ
\\PARADIS\ELEVES\SCHARBIT\BUREAU\RESEAU DE NEURONES\RESEAU_DE_NEURONES\RESEAU_DE_NEURONES\DEBUG\NEURON.OBJ
\\PARADIS\ELEVES\SCHARBIT\BUREAU\RESEAU DE NEURONES\RESEAU_DE_NEURONES\RESEAU_DE_NEURONES\DEBUG\REGRESSION.OBJ
\\PARADIS\ELEVES\SCHARBIT\BUREAU\RESEAU DE NEURONES\RESEAU_DE_NEURONES\DEBUG\RESEAU_DE_NEURONES.ILK
\\PARADIS\ELEVES\SCHARBIT\BUREAU\RESEAU DE NEURONES\RESEAU_DE_NEURONES\DEBUG\RESEAU_DE_NEURONES.EXE
\\PARADIS\ELEVES\SCHARBIT\BUREAU\RESEAU DE NEURONES\RESEAU_DE_NEURONES\DEBUG\RESEAU_DE_NEURONES.PDB
\\paradis\eleves\SCHARBIT\Bureau\Reseau de neurones\reseau_de_neurones\reseau_de_neurones\Debug\Datas.obj
\\paradis\eleves\SCHARBIT\Bureau\Reseau de neurones\reseau_de_neurones\reseau_de_neurones\Debug\main.obj
\\paradis\eleves\SCHARBIT\Bureau\Reseau de neurones\reseau_de_neurones\reseau_de_neurones\Debug\Network.obj
\\paradis\eleves\SCHARBIT\Bureau\Reseau de neurones\reseau_de_neurones\reseau_de_neurones\Debug\Neuron.obj
\\paradis\eleves\SCHARBIT\Bureau\Reseau de neurones\reseau_de_neurones\reseau_de_neurones\Debug\Neuron2.obj
\\paradis\eleves\SCHARBIT\Bureau\Reseau de neurones\reseau_de_neurones\reseau_de_neurones\Debug\Regression.obj
\\paradis\eleves\SCHARBIT\Bureau\Reseau de neurones\reseau_de_neurones\reseau_de_neurones\Debug\cl.command.1.tlog
\\paradis\eleves\SCHARBIT\Bureau\Reseau de neurones\reseau_de_neurones\reseau_de_neurones\Debug\CL.read.1.tlog
\\paradis\eleves\SCHARBIT\Bureau\Reseau de neurones\reseau_de_neurones\reseau_de_neurones\Debug\CL.write.1.tlog
\\paradis\eleves\SCHARBIT\Bureau\Reseau de neurones\reseau_de_neurones\reseau_de_neurones\Debug\link-cvtres.read.1.tlog
\\paradis\eleves\SCHARBIT\Bureau\Reseau de neurones\reseau_de_neurones\reseau_de_neurones\Debug\link-cvtres.write.1.tlog
\\paradis\eleves\SCHARBIT\Bureau\Reseau de neurones\reseau_de_neurones\reseau_de_neurones\Debug\link-rc.read.1.tlog
\\paradis\eleves\SCHARBIT\Bureau\Reseau de neurones\reseau_de_neurones\reseau_de_neurones\Debug\link-rc.write.1.tlog
\\paradis\eleves\SCHARBIT\Bureau\Reseau de neurones\reseau_de_neurones\reseau_de_neurones\Debug\link.2740-cvtres.read.1.tlog
\\paradis\eleves\SCHARBIT\Bureau\Reseau de neurones\reseau_de_neurones\reseau_de_neurones\Debug\link.2740-cvtres.write.1.tlog
\\paradis\eleves\SCHARBIT\Bureau\Reseau de neurones\reseau_de_neurones\reseau_de_neurones\Debug\link.2740-rc.read.1.tlog
\\paradis\eleves\SCHARBIT\Bureau\Reseau de neurones\reseau_de_neurones\reseau_de_neurones\Debug\link.2740-rc.write.1.tlog
\\paradis\eleves\SCHARBIT\Bureau\Reseau de neurones\reseau_de_neurones\reseau_de_neurones\Debug\link.2740.read.1.tlog
\\paradis\eleves\SCHARBIT\Bureau\Reseau de neurones\reseau_de_neurones\reseau_de_neurones\Debug\link.2740.write.1.tlog
\\paradis\eleves\SCHARBIT\Bureau\Reseau de neurones\reseau_de_neurones\reseau_de_neurones\Debug\link.420-cvtres.read.1.tlog
\\paradis\eleves\SCHARBIT\Bureau\Reseau de neurones\reseau_de_neurones\reseau_de_neurones\Debug\link.420-cvtres.write.1.tlog
\\paradis\eleves\SCHARBIT\Bureau\Reseau de neurones\reseau_de_neurones\reseau_de_neurones\Debug\link.420-rc.read.1.tlog
\\paradis\eleves\SCHARBIT\Bureau\Reseau de neurones\reseau_de_neurones\reseau_de_neurones\Debug\link.420-rc.write.1.tlog
\\paradis\eleves\SCHARBIT\Bureau\Reseau de neurones\reseau_de_neurones\reseau_de_neurones\Debug\link.420.read.1.tlog
\\paradis\eleves\SCHARBIT\Bureau\Reseau de neurones\reseau_de_neurones\reseau_de_neurones\Debug\link.420.write.1.tlog
\\paradis\eleves\SCHARBIT\Bureau\Reseau de neurones\reseau_de_neurones\reseau_de_neurones\Debug\link.816-cvtres.read.1.tlog
\\paradis\eleves\SCHARBIT\Bureau\Reseau de neurones\reseau_de_neurones\reseau_de_neurones\Debug\link.816-cvtres.write.1.tlog
\\paradis\eleves\SCHARBIT\Bureau\Reseau de neurones\reseau_de_neurones\reseau_de_neurones\Debug\link.816-rc.read.1.tlog
\\paradis\eleves\SCHARBIT\Bureau\Reseau de neurones\reseau_de_neurones\reseau_de_neurones\Debug\link.816-rc.write.1.tlog
\\paradis\eleves\SCHARBIT\Bureau\Reseau de neurones\reseau_de_neurones\reseau_de_neurones\Debug\link.816.read.1.tlog
\\paradis\eleves\SCHARBIT\Bureau\Reseau de neurones\reseau_de_neurones\reseau_de_neurones\Debug\link.816.write.1.tlog
\\paradis\eleves\SCHARBIT\Bureau\Reseau de neurones\reseau_de_neurones\reseau_de_neurones\Debug\link.command.1.tlog
\\paradis\eleves\SCHARBIT\Bureau\Reseau de neurones\reseau_de_neurones\reseau_de_neurones\Debug\link.read.1.tlog
\\paradis\eleves\SCHARBIT\Bureau\Reseau de neurones\reseau_de_neurones\reseau_de_neurones\Debug\link.write.1.tlog
\\paradis\eleves\SCHARBIT\Bureau\Reseau de neurones\reseau_de_neurones\reseau_de_neurones\Debug\vc110.idb
\\paradis\eleves\SCHARBIT\Bureau\Reseau de neurones\reseau_de_neurones\reseau_de_neurones\Debug\vc110.pdb
\\paradis\eleves\SCHARBIT\Bureau\Reseau de neurones\reseau_de_neurones\Debug\reseau_de_neurones.pdb
\\paradis\eleves\SCHARBIT\Bureau\Reseau de neurones\reseau_de_neurones\Debug\reseau_de_neurones.exe
\\paradis\eleves\SCHARBIT\Bureau\Reseau de neurones\reseau_de_neurones\Debug\reseau_de_neurones.ilk
