La génération a démarré 13/02/2015 16:50:24.
     1>Projet "\\paradis\eleves\SCHARBIT\Bureau\Reseau de neurones\reseau_de_neurones\reseau_de_neurones\reseau_de_neurones.vcxproj" sur le nœud 2 (Build cible(s)).
     1>ClCompile:
         C:\Program Files (x86)\Microsoft Visual Studio 11.0\VC\bin\CL.exe /c /ZI /nologo /W3 /WX- /Od /Oy- /D WIN32 /D _DEBUG /D _CONSOLE /D _UNICODE /D UNICODE /Gm /EHsc /RTC1 /MDd /GS /fp:precise /Zc:wchar_t /Zc:forScope /Fo"Debug\\" /Fd"Debug\vc110.pdb" /Gd /TP /analyze- /errorReport:prompt Network.cpp Neuron.cpp main.cpp
         main.cpp
     1>\\paradis\eleves\scharbit\bureau\reseau de neurones\reseau_de_neurones\reseau_de_neurones\main.cpp(76): warning C4101: 'res' : variable locale non référencée
         Neuron.cpp
         Network.cpp
     1>\\paradis\eleves\scharbit\bureau\reseau de neurones\reseau_de_neurones\reseau_de_neurones\network.cpp(88): warning C4018: '<' : incompatibilité signed/unsigned
         Génération de code en cours...
     1>\\paradis\eleves\scharbit\bureau\reseau de neurones\reseau_de_neurones\reseau_de_neurones\network.cpp(192): warning C4715: 'Network::Gradient' : les chemins de contrôle ne retournent pas tous une valeur
       Link:
         C:\Program Files (x86)\Microsoft Visual Studio 11.0\VC\bin\link.exe /ERRORREPORT:PROMPT /OUT:"\\paradis\eleves\SCHARBIT\Bureau\Reseau de neurones\reseau_de_neurones\Debug\reseau_de_neurones.exe" /INCREMENTAL /NOLOGO kernel32.lib user32.lib gdi32.lib winspool.lib comdlg32.lib advapi32.lib shell32.lib ole32.lib oleaut32.lib uuid.lib odbc32.lib odbccp32.lib /MANIFEST /MANIFESTUAC:"level='asInvoker' uiAccess='false'" /manifest:embed /DEBUG /PDB:"\\paradis\eleves\SCHARBIT\Bureau\Reseau de neurones\reseau_de_neurones\Debug\reseau_de_neurones.pdb" /SUBSYSTEM:CONSOLE /TLBID:1 /DYNAMICBASE /NXCOMPAT /IMPLIB:"\\paradis\eleves\SCHARBIT\Bureau\Reseau de neurones\reseau_de_neurones\Debug\reseau_de_neurones.lib" /MACHINE:X86 Debug\Datas.obj
         Debug\main.obj
         Debug\Network.obj
         Debug\Neuron.obj
         reseau_de_neurones.vcxproj -> \\paradis\eleves\SCHARBIT\Bureau\Reseau de neurones\reseau_de_neurones\Debug\reseau_de_neurones.exe
     1>Génération du projet "\\paradis\eleves\SCHARBIT\Bureau\Reseau de neurones\reseau_de_neurones\reseau_de_neurones\reseau_de_neurones.vcxproj" terminée (Build cible(s)).

La génération a réussi.

Temps écoulé 00:00:07.54
